<?xml version="1.0" encoding="UTF-8"?>
<testng-results ignored="0" total="1" passed="1" failed="0" skipped="0">
  <reporter-output>
  </reporter-output>
  <suite started-at="2024-02-13T16:36:08 IST" name="Surefire suite" finished-at="2024-02-13T16:36:27 IST" duration-ms="18554">
    <groups>
    </groups>
    <test started-at="2024-02-13T16:36:08 IST" name="Surefire test" finished-at="2024-02-13T16:36:27 IST" duration-ms="18554">
      <class name="Frame.capabilities2">
        <test-method is-config="true" signature="bt()[pri:0, instance:Frame.capabilities2@1329eff]" started-at="2024-02-13T16:36:08 IST" name="bt" finished-at="2024-02-13T16:36:26 IST" duration-ms="18326" status="PASS">
          <reporter-output>
          </reporter-output>
        </test-method> <!-- bt -->
        <test-method signature="tst()[pri:0, instance:Frame.capabilities2@1329eff]" started-at="2024-02-13T16:36:27 IST" name="tst" finished-at="2024-02-13T16:36:27 IST" duration-ms="18" status="PASS">
          <reporter-output>
          </reporter-output>
        </test-method> <!-- tst -->
        <test-method is-config="true" signature="st()[pri:0, instance:Frame.capabilities2@1329eff]" started-at="2024-02-13T16:36:27 IST" name="st" finished-at="2024-02-13T16:36:27 IST" duration-ms="115" status="PASS">
          <reporter-output>
          </reporter-output>
        </test-method> <!-- st -->
      </class> <!-- Frame.capabilities2 -->
    </test> <!-- Surefire test -->
  </suite> <!-- Surefire suite -->
</testng-results>
